[debug] [2020-09-22T18:24:45.176Z] ----------------------------------------------------------------------
[debug] [2020-09-22T18:24:45.179Z] Command:       /usr/local/bin/node /usr/local/bin/firebase init
[debug] [2020-09-22T18:24:45.179Z] CLI Version:   8.10.0
[debug] [2020-09-22T18:24:45.179Z] Platform:      darwin
[debug] [2020-09-22T18:24:45.179Z] Node Version:  v12.18.4
[debug] [2020-09-22T18:24:45.180Z] Time:          Tue Sep 22 2020 21:24:45 GMT+0300 (Israel Daylight Time)
[debug] [2020-09-22T18:24:45.181Z] ----------------------------------------------------------------------
[debug] [2020-09-22T18:24:45.181Z] 
[debug] [2020-09-22T18:24:45.230Z] > command requires scopes: ["email","openid","https://www.googleapis.com/auth/cloudplatformprojects.readonly","https://www.googleapis.com/auth/firebase","https://www.googleapis.com/auth/cloud-platform"]
[debug] [2020-09-22T18:24:45.230Z] > authorizing via signed-in user
[info] 
     ######## #### ########  ######## ########     ###     ######  ########
     ##        ##  ##     ## ##       ##     ##  ##   ##  ##       ##
     ######    ##  ########  ######   ########  #########  ######  ######
     ##        ##  ##    ##  ##       ##     ## ##     ##       ## ##
     ##       #### ##     ## ######## ########  ##     ##  ######  ########

You're about to initialize a Firebase project in this directory:

  /Users/hyperactive/Desktop/ChessFirebase

[debug] [2020-09-22T18:26:16.233Z] TypeError: Cannot read property 'setRawMode' of null
    at ReadStream.setRawMode (tty.js:75:28)
    at Interface._setRawMode (readline.js:290:16)
    at Interface.close (readline.js:413:10)
    at ReadStream.ontermend (readline.js:201:10)
    at ReadStream.emit (events.js:327:22)
    at ReadStream.EventEmitter.emit (domain.js:483:12)
    at endReadableNT (_stream_readable.js:1220:12)
    at processTicksAndRejections (internal/process/task_queues.js:84:21)
